<?xml version="1.0" encoding="UTF-8"?>
<!-- Generated by org.testng.reporters.JUnitXMLReporter -->
<testsuite hostname="DESKTOP-O17P51G" ignored="0" name="Test" tests="1" failures="1" timestamp="02 Feb 2018 11:01:14 GMT" time="0.029" errors="0">
  <testcase name="m1" time="0.0" classname="com.project.regression.test02">
    <failure type="org.testng.TestNGException" message="
Cannot inject @Test annotated Method [m1] with [class java.lang.String].
For more information on native dependency injection please refer to http://testng.org/doc/documentation-main.html#native-dependency-injection">
      <![CDATA[org.testng.TestNGException: Cannot inject @Test annotated Method [m1] with [class java.lang.String].For more information on native dependency injection please refer to http://testng.org/doc/documentation-main.html#native-dependency-injection... Removed 24 stack frames]]>
    </failure>
  </testcase> <!-- m1 -->
</testsuite> <!-- Test -->
